{
  "RSpec": {
    "coverage": {
      "/Users/omarelsamahy/Projects/rzrv/app/middlewares/request_logger.rb": {
        "lines": [
          1,
          1,
          1,
          1,
          null,
          null,
          1,
          0,
          0,
          0,
          0,
          0,
          0,
          null,
          0,
          0,
          0,
          null,
          0,
          null,
          0,
          null,
          0,
          null,
          0,
          null,
          null
        ],
        "branches": {
        }
      },
      "/Users/omarelsamahy/Projects/rzrv/app/middlewares/set_language.rb": {
        "lines": [
          1,
          1,
          1,
          null,
          null,
          1,
          0,
          0,
          0,
          0,
          null,
          null,
          0,
          null,
          null,
          1,
          null,
          1,
          0,
          0,
          null,
          null,
          1,
          0,
          null,
          null
        ],
        "branches": {
          "[:\"&.\", 0, 19, 13, 19, 37]": {
            "[:then, 1, 19, 13, 19, 37]": 0,
            "[:else, 2, 19, 13, 19, 37]": 0
          },
          "[:\"&.\", 3, 19, 13, 19, 44]": {
            "[:then, 4, 19, 13, 19, 44]": 0,
            "[:else, 5, 19, 13, 19, 44]": 0
          },
          "[:if, 6, 20, 4, 20, 56]": {
            "[:then, 7, 20, 28, 20, 34]": 0,
            "[:else, 8, 20, 37, 20, 56]": 0
          }
        }
      },
      "/Users/omarelsamahy/Projects/rzrv/app/models/user.rb": {
        "lines": [
          null,
          null,
          1,
          1,
          1,
          1,
          1,
          1,
          1,
          null,
          1,
          null,
          1,
          null,
          1,
          null,
          1,
          null,
          1,
          null,
          55,
          59,
          null,
          1,
          null,
          null,
          1,
          null,
          1,
          55,
          null,
          1,
          1,
          59,
          0,
          null,
          1,
          59,
          55,
          53,
          null,
          60,
          null,
          48,
          null,
          24,
          48,
          1,
          47,
          null,
          null,
          null,
          null,
          null,
          null,
          null,
          null,
          null,
          null,
          null,
          null,
          null,
          null,
          null,
          null,
          null,
          null,
          null,
          null,
          null,
          null,
          null,
          null,
          null,
          null,
          null,
          null,
          null,
          null,
          null,
          null,
          null,
          null,
          null,
          null,
          null,
          null,
          null,
          null,
          null,
          null,
          null,
          null
        ],
        "branches": {
        }
      },
      "/Users/omarelsamahy/Projects/rzrv/app/models/application_record.rb": {
        "lines": [
          1,
          1,
          null,
          1,
          null,
          1,
          0,
          0,
          null,
          0,
          0,
          null,
          0,
          null,
          null,
          1,
          1,
          null,
          1,
          1,
          25,
          null,
          null,
          null,
          null
        ],
        "branches": {
          "[:if, 0, 10, 20, 10, 73]": {
            "[:then, 1, 10, 59, 10, 66]": 0,
            "[:else, 2, 10, 69, 10, 73]": 0
          },
          "[:\"&.\", 3, 11, 40, 11, 55]": {
            "[:then, 4, 11, 40, 11, 55]": 0,
            "[:else, 5, 11, 40, 11, 55]": 0
          },
          "[:if, 6, 11, 18, 11, 82]": {
            "[:then, 7, 11, 59, 11, 73]": 0,
            "[:else, 8, 11, 76, 11, 82]": 0
          },
          "[:unless, 9, 21, 8, 21, 119]": {
            "[:else, 10, 21, 8, 21, 119]": 1,
            "[:then, 11, 21, 8, 21, 88]": 24
          },
          "[:unless, 12, 21, 47, 21, 85]": {
            "[:else, 13, 21, 47, 21, 85]": 0,
            "[:then, 14, 21, 47, 21, 67]": 0
          }
        }
      },
      "/Users/omarelsamahy/Projects/rzrv/app/helpers/general_helper.rb": {
        "lines": [
          null,
          null,
          1,
          1,
          1,
          6,
          6,
          null,
          null,
          1,
          6,
          null,
          null,
          1,
          null,
          0,
          null,
          0,
          null,
          0,
          null,
          null
        ],
        "branches": {
        }
      },
      "/Users/omarelsamahy/Projects/rzrv/app/models/concerns/user/user_helpers.rb": {
        "lines": [
          null,
          null,
          1,
          1,
          null,
          1,
          19,
          133,
          19,
          null,
          null,
          1,
          31,
          27,
          null,
          null,
          null,
          27,
          null,
          null,
          null,
          null,
          null,
          1,
          58,
          54,
          54,
          54,
          54,
          null,
          null,
          null,
          58,
          2,
          2,
          2,
          2,
          null,
          null,
          null,
          58,
          null,
          null,
          1,
          8,
          null,
          null,
          1,
          1,
          null,
          null,
          1,
          118,
          null,
          null,
          1,
          0,
          null,
          null
        ],
        "branches": {
          "[:while, 0, 8, 4, 8, 172]": {
            "[:body, 1, 8, 4, 8, 53]": 19
          },
          "[:if, 2, 13, 4, 21, 7]": {
            "[:then, 3, 14, 6, 20, 83]": 27,
            "[:else, 4, 13, 4, 21, 7]": 4
          },
          "[:if, 5, 25, 4, 31, 7]": {
            "[:then, 6, 26, 6, 30, 9]": 54,
            "[:else, 7, 25, 4, 31, 7]": 4
          },
          "[:unless, 8, 27, 6, 30, 9]": {
            "[:else, 9, 27, 6, 30, 9]": 0,
            "[:then, 10, 28, 8, 29, 45]": 54
          },
          "[:if, 11, 33, 4, 39, 7]": {
            "[:then, 12, 34, 6, 38, 9]": 2,
            "[:else, 13, 33, 4, 39, 7]": 56
          },
          "[:unless, 14, 35, 6, 38, 9]": {
            "[:else, 15, 35, 6, 38, 9]": 0,
            "[:then, 16, 36, 8, 37, 57]": 2
          }
        }
      },
      "/Users/omarelsamahy/Projects/rzrv/app/models/concerns/user/user_scopes.rb": {
        "lines": [
          null,
          null,
          1,
          1,
          null,
          1,
          1,
          null,
          31,
          1,
          55,
          1,
          1,
          1,
          1,
          28,
          28,
          1,
          1,
          1,
          0,
          null,
          null,
          null
        ],
        "branches": {
          "[:if, 0, 18, 41, 18, 121]": {
            "[:then, 1, 18, 41, 18, 101]": 0,
            "[:else, 2, 18, 41, 18, 121]": 0
          },
          "[:if, 3, 19, 42, 19, 82]": {
            "[:then, 4, 19, 42, 19, 63]": 0,
            "[:else, 5, 19, 42, 19, 82]": 0
          },
          "[:if, 6, 21, 6, 21, 51]": {
            "[:then, 7, 21, 39, 21, 42]": 0,
            "[:else, 8, 21, 45, 21, 51]": 0
          }
        }
      },
      "/Users/omarelsamahy/Projects/rzrv/app/models/concerns/user/reset_password_helper.rb": {
        "lines": [
          null,
          null,
          1,
          1,
          null,
          1,
          0,
          0,
          0,
          null,
          null,
          1,
          0,
          0,
          0,
          null,
          null
        ],
        "branches": {
        }
      },
      "/Users/omarelsamahy/Projects/rzrv/app/models/concerns/user/authentication_helper.rb": {
        "lines": [
          null,
          null,
          1,
          1,
          null,
          1,
          212,
          null,
          48,
          null,
          null,
          1,
          9,
          9,
          9,
          9,
          9,
          9,
          null,
          null,
          1,
          null,
          1,
          3,
          null,
          null
        ],
        "branches": {
        }
      },
      "/Users/omarelsamahy/Projects/rzrv/app/models/concerns/user/user_verification_helper.rb": {
        "lines": [
          null,
          null,
          1,
          1,
          null,
          1,
          19,
          19,
          19,
          null,
          null,
          1,
          19,
          17,
          null,
          null,
          1,
          0,
          0,
          null,
          null,
          1,
          19,
          19,
          19,
          null,
          null,
          1,
          0,
          0,
          null,
          0,
          null,
          null,
          1,
          58,
          2,
          2,
          null,
          null,
          null,
          1,
          0,
          null,
          null,
          1,
          0,
          null,
          null,
          1,
          0,
          null,
          null,
          1,
          24,
          null,
          null,
          1,
          1,
          null,
          null,
          1,
          0,
          null,
          null,
          1,
          null,
          0,
          null,
          null,
          null,
          null,
          null
        ],
        "branches": {
          "[:if, 0, 13, 4, 13, 58]": {
            "[:then, 1, 13, 4, 13, 28]": 2,
            "[:else, 2, 13, 4, 13, 58]": 17
          },
          "[:if, 3, 18, 4, 18, 135]": {
            "[:then, 4, 18, 4, 18, 61]": 0,
            "[:else, 5, 18, 4, 18, 135]": 0
          },
          "[:if, 6, 29, 4, 29, 65]": {
            "[:then, 7, 29, 4, 29, 56]": 0,
            "[:else, 8, 29, 4, 29, 65]": 0
          },
          "[:if, 9, 36, 4, 39, 7]": {
            "[:then, 10, 37, 6, 38, 41]": 2,
            "[:else, 11, 36, 4, 39, 7]": 56
          },
          "[:if, 12, 43, 4, 43, 167]": {
            "[:then, 13, 43, 4, 43, 37]": 0,
            "[:else, 14, 43, 4, 43, 167]": 0
          },
          "[:if, 15, 47, 4, 47, 77]": {
            "[:then, 16, 47, 4, 47, 51]": 0,
            "[:else, 17, 47, 4, 47, 77]": 0
          },
          "[:if, 18, 51, 4, 51, 91]": {
            "[:then, 19, 51, 4, 51, 58]": 0,
            "[:else, 20, 51, 4, 51, 91]": 0
          },
          "[:\"&.\", 21, 70, 55, 70, 88]": {
            "[:then, 22, 70, 55, 70, 88]": 0,
            "[:else, 23, 70, 55, 70, 88]": 0
          }
        }
      },
      "/Users/omarelsamahy/Projects/rzrv/app/models/concerns/user/user_type_helper.rb": {
        "lines": [
          null,
          null,
          1,
          1,
          null,
          0,
          null,
          null,
          1,
          0,
          null,
          null
        ],
        "branches": {
        }
      },
      "/Users/omarelsamahy/Projects/rzrv/app/helpers/api/v1/auth/password_helper.rb": {
        "lines": [
          null,
          null,
          1,
          1,
          0,
          0,
          0,
          null,
          null,
          1,
          null,
          1,
          0,
          null,
          null,
          1,
          0,
          null,
          null,
          1,
          0,
          null,
          null,
          1,
          0,
          null,
          null,
          1,
          0,
          null,
          null,
          1,
          0,
          0,
          null,
          null,
          null
        ],
        "branches": {
          "[:if, 0, 13, 4, 13, 79]": {
            "[:then, 1, 13, 4, 13, 39]": 0,
            "[:else, 2, 13, 4, 13, 79]": 0
          },
          "[:\"&.\", 3, 17, 52, 17, 125]": {
            "[:then, 4, 17, 52, 17, 125]": 0,
            "[:else, 5, 17, 52, 17, 125]": 0
          },
          "[:unless, 6, 17, 4, 17, 125]": {
            "[:else, 7, 17, 4, 17, 125]": 0,
            "[:then, 8, 17, 4, 17, 44]": 0
          },
          "[:unless, 9, 21, 4, 21, 80]": {
            "[:else, 10, 21, 4, 21, 80]": 0,
            "[:then, 11, 21, 4, 21, 44]": 0
          },
          "[:if, 12, 33, 4, 35, 7]": {
            "[:then, 13, 34, 6, 34, 69]": 0,
            "[:else, 14, 33, 4, 35, 7]": 0
          }
        }
      },
      "/Users/omarelsamahy/Projects/rzrv/app/helpers/application_helper.rb": {
        "lines": [
          1,
          null
        ],
        "branches": {
        }
      },
      "/Users/omarelsamahy/Projects/rzrv/app/helpers/date_helper.rb": {
        "lines": [
          1,
          1,
          null,
          1,
          0,
          null,
          null,
          1,
          0,
          0,
          0,
          0,
          0,
          null,
          null,
          1,
          0,
          null,
          null,
          1,
          0,
          0,
          null,
          null,
          1,
          0,
          0,
          null,
          null,
          1,
          0,
          null,
          null,
          1,
          0,
          0,
          0,
          0,
          null,
          0,
          0,
          0,
          null,
          0,
          null,
          null,
          0,
          null,
          null,
          1,
          0,
          0,
          0,
          0,
          0,
          null,
          0,
          null,
          null,
          1,
          0,
          0,
          null,
          null,
          1,
          0,
          0,
          0,
          0,
          null,
          null,
          1,
          0,
          0,
          null,
          null,
          1,
          0,
          0,
          null,
          null,
          1,
          0,
          0,
          null,
          null,
          1,
          0,
          null,
          null,
          1,
          0,
          null,
          null,
          1,
          0,
          null,
          null,
          null,
          1,
          0,
          null,
          null,
          1,
          0,
          null,
          null,
          1,
          0,
          0,
          0,
          null,
          null,
          null,
          1,
          0,
          null,
          null,
          1,
          0,
          null,
          null,
          1,
          0,
          0,
          0,
          null,
          0,
          0,
          0,
          0,
          null,
          0,
          0,
          0,
          0,
          0,
          0,
          0,
          null,
          null,
          0,
          null,
          null,
          1,
          0,
          0,
          0,
          0,
          0,
          0,
          0,
          null,
          null,
          null
        ],
        "branches": {
          "[:if, 0, 5, 4, 5, 103]": {
            "[:then, 1, 5, 4, 5, 59]": 0,
            "[:else, 2, 5, 4, 5, 103]": 0
          },
          "[:if, 3, 12, 4, 12, 66]": {
            "[:then, 4, 12, 4, 12, 46]": 0,
            "[:else, 5, 12, 4, 12, 66]": 0
          },
          "[:if, 6, 13, 4, 13, 69]": {
            "[:then, 7, 13, 4, 13, 51]": 0,
            "[:else, 8, 13, 4, 13, 69]": 0
          },
          "[:if, 9, 41, 17, 45, 7]": {
            "[:then, 10, 42, 6, 42, 26]": 0,
            "[:else, 11, 44, 6, 44, 22]": 0
          },
          "[:unless, 12, 124, 4, 124, 84]": {
            "[:else, 13, 124, 4, 124, 84]": 0,
            "[:then, 14, 124, 4, 124, 53]": 0
          },
          "[:unless, 15, 125, 4, 125, 125]": {
            "[:else, 16, 125, 4, 125, 125]": 0,
            "[:then, 17, 125, 4, 125, 58]": 0
          },
          "[:unless, 18, 126, 4, 126, 104]": {
            "[:else, 19, 126, 4, 126, 104]": 0,
            "[:then, 20, 126, 4, 126, 43]": 0
          },
          "[:case, 21, 128, 19, 132, 7]": {
            "[:when, 22, 129, 21, 129, 55]": 0,
            "[:when, 23, 130, 22, 130, 57]": 0,
            "[:when, 24, 131, 21, 131, 55]": 0,
            "[:else, 25, 128, 19, 132, 7]": 0
          },
          "[:while, 26, 134, 4, 141, 7]": {
            "[:body, 27, 135, 6, 140, 9]": 0
          },
          "[:case, 28, 136, 21, 140, 9]": {
            "[:when, 29, 137, 23, 137, 44]": 0,
            "[:when, 30, 138, 24, 138, 66]": 0,
            "[:when, 31, 139, 23, 139, 63]": 0,
            "[:else, 32, 136, 21, 140, 9]": 0
          },
          "[:unless, 33, 146, 4, 146, 67]": {
            "[:else, 34, 146, 4, 146, 67]": 0,
            "[:then, 35, 146, 4, 146, 43]": 0
          },
          "[:unless, 36, 147, 4, 147, 104]": {
            "[:else, 37, 147, 4, 147, 104]": 0,
            "[:then, 38, 147, 4, 147, 43]": 0
          },
          "[:case, 39, 148, 4, 153, 7]": {
            "[:when, 40, 149, 20, 149, 29]": 0,
            "[:when, 41, 150, 21, 150, 36]": 0,
            "[:when, 42, 151, 22, 151, 73]": 0,
            "[:when, 43, 152, 21, 152, 35]": 0,
            "[:else, 44, 148, 4, 153, 7]": 0
          }
        }
      },
      "/Users/omarelsamahy/Projects/rzrv/app/helpers/params_helper.rb": {
        "lines": [
          null,
          null,
          1,
          1,
          0,
          0,
          0,
          null,
          0,
          0,
          0,
          0,
          null,
          null,
          null,
          0,
          null,
          null,
          1,
          3,
          null,
          null,
          1,
          0,
          null,
          null,
          1,
          2,
          null,
          null,
          1,
          0,
          null,
          null,
          1,
          0,
          null,
          null,
          1,
          0,
          null,
          null,
          1,
          0,
          null,
          null,
          1,
          3,
          null,
          null
        ],
        "branches": {
          "[:unless, 0, 5, 4, 5, 90]": {
            "[:else, 1, 5, 4, 5, 90]": 0,
            "[:then, 2, 5, 4, 5, 49]": 0
          },
          "[:if, 3, 7, 4, 7, 70]": {
            "[:then, 4, 7, 4, 7, 17]": 0,
            "[:else, 5, 7, 4, 7, 70]": 0
          },
          "[:if, 6, 10, 6, 10, 40]": {
            "[:then, 7, 10, 6, 10, 10]": 0,
            "[:else, 8, 10, 6, 10, 40]": 0
          },
          "[:if, 9, 12, 8, 12, 90]": {
            "[:then, 10, 12, 8, 12, 44]": 0,
            "[:else, 11, 12, 8, 12, 90]": 0
          }
        }
      },
      "/Users/omarelsamahy/Projects/rzrv/app/helpers/response_helper.rb": {
        "lines": [
          null,
          null,
          1,
          1,
          4,
          4,
          4,
          4,
          8,
          4,
          null,
          null,
          null,
          1,
          3,
          3,
          3,
          3,
          3,
          3,
          6,
          3,
          null,
          null,
          null,
          1,
          0,
          0,
          0,
          0,
          0,
          0,
          null,
          null,
          null,
          1,
          3,
          null,
          null
        ],
        "branches": {
          "[:if, 0, 6, 4, 6, 70]": {
            "[:then, 1, 6, 4, 6, 41]": 0,
            "[:else, 2, 6, 4, 6, 70]": 4
          },
          "[:if, 3, 7, 4, 7, 71]": {
            "[:then, 4, 7, 4, 7, 53]": 0,
            "[:else, 5, 7, 4, 7, 71]": 4
          },
          "[:if, 6, 16, 4, 16, 43]": {
            "[:then, 7, 16, 4, 16, 26]": 0,
            "[:else, 8, 16, 4, 16, 43]": 3
          },
          "[:if, 9, 17, 4, 17, 65]": {
            "[:then, 10, 17, 4, 17, 42]": 0,
            "[:else, 11, 17, 4, 17, 65]": 3
          },
          "[:if, 12, 18, 4, 18, 54]": {
            "[:then, 13, 18, 4, 18, 41]": 0,
            "[:else, 14, 18, 4, 18, 54]": 3
          },
          "[:if, 15, 19, 4, 19, 58]": {
            "[:then, 16, 19, 4, 19, 36]": 0,
            "[:else, 17, 19, 4, 19, 58]": 3
          },
          "[:if, 18, 28, 4, 28, 82]": {
            "[:then, 19, 28, 4, 28, 52]": 0,
            "[:else, 20, 28, 4, 28, 82]": 0
          },
          "[:if, 21, 29, 4, 29, 122]": {
            "[:then, 22, 29, 4, 29, 95]": 0,
            "[:else, 23, 29, 4, 29, 122]": 0
          },
          "[:if, 24, 29, 32, 29, 95]": {
            "[:then, 25, 29, 62, 29, 76]": 0,
            "[:else, 26, 29, 79, 29, 95]": 0
          }
        }
      },
      "/Users/omarelsamahy/Projects/rzrv/app/helpers/api/v1/auth/device_manager.rb": {
        "lines": [
          null,
          null,
          1,
          1,
          3,
          3,
          3,
          3,
          3,
          3,
          null,
          null
        ],
        "branches": {
          "[:unless, 0, 5, 4, 5, 97]": {
            "[:else, 1, 5, 4, 5, 97]": 3,
            "[:then, 2, 5, 4, 5, 67]": 0
          }
        }
      },
      "/Users/omarelsamahy/Projects/rzrv/app/controllers/api/v1/auth/passwords_controller.rb": {
        "lines": [
          null,
          null,
          1,
          1,
          1,
          1,
          null,
          1,
          1,
          1,
          1,
          null,
          1,
          0,
          null,
          null,
          1,
          0,
          0,
          null,
          null,
          1,
          0,
          0,
          0,
          null,
          null,
          1,
          0,
          0,
          0,
          null,
          null,
          1,
          0,
          null,
          null,
          null,
          null,
          null,
          null,
          null,
          0,
          0,
          0,
          0,
          0,
          null,
          0,
          null,
          null,
          null,
          null,
          1,
          0,
          null,
          null,
          null,
          null,
          null,
          null,
          0,
          null,
          null,
          1,
          null,
          1,
          0,
          0,
          null,
          null
        ],
        "branches": {
          "[:unless, 0, 18, 4, 18, 134]": {
            "[:else, 1, 18, 4, 18, 134]": 0,
            "[:then, 2, 18, 4, 18, 78]": 0
          },
          "[:if, 3, 24, 11, 24, 93]": {
            "[:then, 4, 24, 36, 24, 88]": 0,
            "[:else, 5, 24, 91, 24, 93]": 0
          },
          "[:if, 6, 43, 4, 43, 76]": {
            "[:then, 7, 43, 4, 43, 55]": 0,
            "[:else, 8, 43, 4, 43, 76]": 0
          },
          "[:unless, 9, 69, 4, 69, 146]": {
            "[:else, 10, 69, 4, 69, 146]": 0,
            "[:then, 11, 69, 4, 69, 124]": 0
          }
        }
      },
      "/Users/omarelsamahy/Projects/rzrv/app/controllers/base_api_controller.rb": {
        "lines": [
          null,
          null,
          1,
          1,
          1,
          1,
          1,
          1,
          1,
          null,
          1,
          1,
          1,
          1,
          1,
          1,
          1,
          1,
          null,
          1,
          null,
          1,
          16,
          16,
          null,
          null,
          1,
          8,
          8,
          null,
          null,
          1,
          0,
          0,
          0,
          0,
          null,
          0,
          0,
          null,
          null,
          1,
          8,
          0,
          null,
          8,
          null,
          null,
          null,
          1,
          8,
          null,
          null,
          1,
          null,
          1,
          1,
          1,
          1,
          1,
          null,
          null,
          1,
          5,
          3,
          null,
          null,
          null,
          1,
          8,
          8,
          null,
          null,
          1,
          20,
          null,
          null
        ],
        "branches": {
          "[:if, 0, 24, 18, 24, 45]": {
            "[:then, 1, 24, 29, 24, 30]": 8,
            "[:else, 2, 24, 33, 24, 45]": 8
          },
          "[:\"&.\", 3, 28, 31, 28, 57]": {
            "[:then, 4, 28, 31, 28, 57]": 0,
            "[:else, 5, 28, 31, 28, 57]": 8
          },
          "[:\"&.\", 6, 29, 35, 29, 59]": {
            "[:then, 7, 29, 35, 29, 59]": 0,
            "[:else, 8, 29, 35, 29, 59]": 8
          },
          "[:unless, 9, 33, 4, 37, 7]": {
            "[:else, 10, 33, 4, 37, 7]": 0,
            "[:then, 11, 34, 6, 36, 91]": 0
          },
          "[:if, 12, 35, 20, 35, 77]": {
            "[:then, 13, 35, 46, 35, 63]": 0,
            "[:else, 14, 35, 66, 35, 77]": 0
          },
          "[:if, 15, 38, 4, 39, 111]": {
            "[:then, 16, 39, 13, 39, 73]": 0,
            "[:else, 17, 39, 76, 39, 111]": 0
          },
          "[:if, 18, 43, 17, 47, 7]": {
            "[:then, 19, 44, 6, 44, 38]": 0,
            "[:else, 20, 46, 6, 46, 11]": 8
          },
          "[:if, 21, 64, 4, 66, 7]": {
            "[:then, 22, 65, 6, 65, 66]": 3,
            "[:else, 23, 64, 4, 66, 7]": 2
          },
          "[:if, 24, 70, 4, 70, 50]": {
            "[:then, 25, 70, 4, 70, 26]": 8,
            "[:else, 26, 70, 4, 70, 50]": 0
          },
          "[:unless, 27, 71, 4, 71, 123]": {
            "[:else, 28, 71, 4, 71, 123]": 8,
            "[:then, 29, 71, 4, 71, 41]": 0
          }
        }
      },
      "/Users/omarelsamahy/Projects/rzrv/app/controllers/application_controller.rb": {
        "lines": [
          1,
          null
        ],
        "branches": {
        }
      },
      "/Users/omarelsamahy/Projects/rzrv/app/controllers/concerns/api/v1/lookups/lookups_setters.rb": {
        "lines": [
          null,
          null,
          1,
          1,
          null,
          null
        ],
        "branches": {
        }
      },
      "/Users/omarelsamahy/Projects/rzrv/lib/exception_handler.rb": {
        "lines": [
          null,
          null,
          1,
          1,
          1,
          1,
          1,
          null,
          1,
          3,
          3,
          3,
          null,
          null,
          null,
          null,
          1,
          null,
          1,
          null,
          1,
          null,
          1,
          1,
          1,
          null,
          1,
          0,
          0,
          0,
          null,
          null,
          null,
          1,
          null,
          1,
          null,
          1,
          null,
          1,
          null,
          1,
          null,
          1,
          null,
          1,
          null,
          1,
          null,
          1,
          null,
          1,
          null
        ],
        "branches": {
        }
      },
      "/Users/omarelsamahy/Projects/rzrv/app/controllers/concerns/exception_handler/rescue_from.rb": {
        "lines": [
          null,
          null,
          1,
          1,
          1,
          null,
          1,
          1,
          1,
          1,
          1,
          1,
          1,
          1,
          1,
          1,
          1,
          1,
          1,
          1,
          1,
          1,
          1,
          1,
          1,
          1,
          1,
          1,
          1,
          1,
          1,
          null,
          null,
          null,
          null,
          1,
          null,
          null,
          null,
          null,
          null,
          null,
          null,
          null,
          null,
          null,
          1,
          1,
          null,
          null,
          1,
          null,
          1,
          null,
          null,
          null,
          null,
          null,
          null,
          null,
          1,
          3,
          3,
          null,
          null,
          1,
          3,
          3,
          null,
          null,
          1,
          3,
          2,
          null,
          1,
          null,
          null,
          null,
          1,
          0,
          0,
          0,
          null,
          null,
          1,
          1,
          1,
          1,
          null,
          null,
          1,
          0,
          0,
          null,
          null,
          1,
          0,
          0,
          null,
          null,
          1,
          0,
          0,
          0,
          null,
          null,
          1,
          0,
          0,
          null,
          null,
          1,
          1,
          1,
          1,
          null,
          null,
          1,
          1,
          1,
          1,
          null,
          null,
          1,
          0,
          0,
          0,
          null,
          null,
          1,
          0,
          0,
          null,
          null,
          1,
          0,
          0,
          null,
          null,
          null,
          null,
          0,
          0,
          0,
          0,
          0,
          null,
          null,
          null,
          1,
          0,
          0,
          0,
          null,
          null,
          1,
          0,
          0,
          0,
          null,
          null,
          1,
          0,
          0,
          0,
          0,
          null,
          null,
          1,
          0,
          0,
          0,
          null,
          null,
          null,
          null,
          null,
          null,
          null,
          1,
          0,
          0,
          null,
          null,
          0,
          0,
          0,
          null,
          null,
          null,
          1,
          0,
          0,
          null,
          null,
          null,
          null,
          1,
          0,
          0,
          null,
          null,
          null,
          null,
          null,
          null,
          1,
          0,
          0,
          null,
          null,
          0,
          0,
          0,
          null,
          null,
          null,
          1,
          0,
          0,
          null,
          null,
          null,
          null,
          0,
          0,
          0,
          null,
          null,
          null,
          1,
          0,
          0,
          null,
          null,
          null,
          null,
          0,
          0,
          0,
          null,
          null,
          null,
          1,
          0,
          0,
          null,
          null,
          0,
          0,
          0,
          null,
          null,
          null,
          1,
          0,
          0,
          null,
          null,
          0,
          0,
          0,
          null,
          null,
          null,
          1,
          6,
          null,
          null,
          null
        ],
        "branches": {
          "[:if, 0, 72, 6, 76, 9]": {
            "[:then, 1, 73, 8, 73, 69]": 2,
            "[:else, 2, 75, 8, 75, 148]": 1
          },
          "[:if, 3, 81, 14, 81, 57]": {
            "[:then, 4, 81, 38, 81, 45]": 0,
            "[:else, 5, 81, 48, 81, 57]": 0
          },
          "[:if, 6, 87, 14, 87, 57]": {
            "[:then, 7, 87, 38, 87, 45]": 1,
            "[:else, 8, 87, 48, 87, 57]": 0
          },
          "[:if, 9, 103, 14, 103, 87]": {
            "[:then, 10, 103, 64, 103, 77]": 0,
            "[:else, 11, 103, 80, 103, 87]": 0
          },
          "[:if, 12, 114, 14, 114, 57]": {
            "[:then, 13, 114, 38, 114, 45]": 0,
            "[:else, 14, 114, 48, 114, 57]": 1
          },
          "[:if, 15, 120, 14, 120, 57]": {
            "[:then, 16, 120, 38, 120, 45]": 1,
            "[:else, 17, 120, 48, 120, 57]": 0
          },
          "[:if, 18, 126, 14, 126, 57]": {
            "[:then, 19, 126, 38, 126, 45]": 0,
            "[:else, 20, 126, 48, 126, 57]": 0
          },
          "[:if, 21, 152, 14, 152, 57]": {
            "[:then, 22, 152, 38, 152, 45]": 0,
            "[:else, 23, 152, 48, 152, 57]": 0
          },
          "[:if, 24, 158, 14, 158, 57]": {
            "[:then, 25, 158, 38, 158, 45]": 0,
            "[:else, 26, 158, 48, 158, 57]": 0
          },
          "[:if, 27, 171, 14, 171, 57]": {
            "[:then, 28, 171, 38, 171, 45]": 0,
            "[:else, 29, 171, 48, 171, 57]": 0
          }
        }
      },
      "/Users/omarelsamahy/Projects/rzrv/app/helpers/json_web_token.rb": {
        "lines": [
          null,
          null,
          1,
          1,
          null,
          1,
          9,
          9,
          9,
          null,
          null,
          1,
          4,
          3,
          null,
          0,
          null,
          1,
          null,
          null
        ],
        "branches": {
          "[:if, 0, 7, 4, 7, 52]": {
            "[:then, 1, 7, 4, 7, 40]": 9,
            "[:else, 2, 7, 4, 7, 52]": 0
          }
        }
      },
      "/Users/omarelsamahy/Projects/rzrv/app/controllers/concerns/authorization.rb": {
        "lines": [
          null,
          null,
          1,
          1,
          null,
          null,
          1,
          1,
          1,
          null,
          null,
          null,
          1,
          0,
          0,
          null,
          0,
          null,
          null,
          null,
          1,
          1,
          1,
          1,
          1,
          1,
          1,
          null,
          null,
          null,
          1,
          8,
          0,
          null,
          null,
          null,
          1,
          1,
          1,
          null,
          null
        ],
        "branches": {
          "[:if, 0, 9, 4, 9, 97]": {
            "[:then, 1, 9, 4, 9, 75]": 0,
            "[:else, 2, 9, 4, 9, 97]": 1
          },
          "[:if, 3, 22, 4, 28, 7]": {
            "[:then, 4, 23, 6, 27, 36]": 1,
            "[:else, 5, 22, 4, 28, 7]": 0
          },
          "[:if, 6, 32, 4, 34, 7]": {
            "[:then, 7, 33, 6, 33, 79]": 0,
            "[:else, 8, 32, 4, 34, 7]": 8
          }
        }
      },
      "/Users/omarelsamahy/Projects/rzrv/app/controllers/concerns/api/v1/users_handler.rb": {
        "lines": [
          null,
          null,
          1,
          1,
          null,
          1,
          null,
          1,
          2,
          2,
          null,
          null,
          1,
          0,
          null,
          null
        ],
        "branches": {
          "[:\"&.\", 0, 9, 18, 9, 47]": {
            "[:then, 1, 9, 18, 9, 47]": 2,
            "[:else, 2, 9, 18, 9, 47]": 0
          },
          "[:\"&.\", 3, 9, 18, 9, 65]": {
            "[:then, 4, 9, 18, 9, 65]": 2,
            "[:else, 5, 9, 18, 9, 65]": 0
          },
          "[:unless, 6, 10, 4, 10, 95]": {
            "[:else, 7, 10, 4, 10, 95]": 2,
            "[:then, 8, 10, 4, 10, 67]": 0
          }
        }
      },
      "/Users/omarelsamahy/Projects/rzrv/app/controllers/api/v1/auth/registration_controller.rb": {
        "lines": [
          null,
          null,
          1,
          1,
          1,
          null,
          1,
          1,
          null,
          1,
          3,
          3,
          3,
          2,
          2,
          2,
          2,
          2,
          2,
          null,
          2,
          null,
          null,
          null,
          null,
          null,
          null
        ],
        "branches": {
        }
      },
      "/Users/omarelsamahy/Projects/rzrv/app/controllers/concerns/api/v1/phone_handler.rb": {
        "lines": [
          null,
          null,
          1,
          1,
          null,
          1,
          null,
          1,
          0,
          null,
          null,
          1,
          0,
          0,
          null,
          null,
          1,
          0,
          0,
          null,
          null,
          1,
          0,
          0,
          0,
          0,
          null,
          null,
          null
        ],
        "branches": {
          "[:if, 0, 9, 4, 9, 151]": {
            "[:then, 1, 9, 4, 9, 73]": 0,
            "[:else, 2, 9, 4, 9, 151]": 0
          },
          "[:if, 3, 14, 4, 14, 89]": {
            "[:then, 4, 14, 4, 14, 75]": 0,
            "[:else, 5, 14, 4, 14, 89]": 0
          },
          "[:if, 6, 19, 4, 19, 108]": {
            "[:then, 7, 19, 4, 19, 99]": 0,
            "[:else, 8, 19, 4, 19, 108]": 0
          },
          "[:if, 9, 23, 4, 27, 7]": {
            "[:then, 10, 24, 6, 26, 54]": 0,
            "[:else, 11, 23, 4, 27, 7]": 0
          }
        }
      },
      "/Users/omarelsamahy/Projects/rzrv/app/controllers/api/v1/auth/sessions_controller.rb": {
        "lines": [
          null,
          null,
          1,
          1,
          1,
          null,
          1,
          null,
          1,
          null,
          1,
          2,
          1,
          1,
          1,
          1,
          null,
          null,
          null,
          1,
          1,
          1,
          null,
          null,
          1,
          2,
          2,
          null,
          null,
          1,
          null,
          null,
          1,
          0,
          0,
          null,
          null
        ],
        "branches": {
          "[:\"&.\", 0, 21, 4, 21, 33]": {
            "[:then, 1, 21, 4, 21, 33]": 1,
            "[:else, 2, 21, 4, 21, 33]": 0
          },
          "[:if, 3, 26, 4, 28, 7]": {
            "[:then, 4, 27, 6, 27, 66]": 2,
            "[:else, 5, 26, 4, 28, 7]": 0
          }
        }
      },
      "/Users/omarelsamahy/Projects/rzrv/app/models/device.rb": {
        "lines": [
          null,
          null,
          1,
          1,
          1,
          1,
          3,
          null,
          1,
          1,
          null,
          null,
          null,
          null,
          null,
          null,
          null,
          null,
          null,
          null,
          null,
          null,
          null,
          null,
          null,
          null,
          null,
          null,
          null,
          null,
          null
        ],
        "branches": {
        }
      },
      "/Users/omarelsamahy/Projects/rzrv/app/helpers/phone_formatter.rb": {
        "lines": [
          null,
          null,
          1,
          1,
          56,
          56,
          56,
          56,
          56,
          56,
          56,
          null,
          0,
          null,
          null,
          0,
          null,
          null
        ],
        "branches": {
          "[:unless, 0, 7, 4, 7, 98]": {
            "[:else, 1, 7, 4, 7, 98]": 56,
            "[:then, 2, 7, 4, 7, 73]": 0
          },
          "[:if, 3, 10, 4, 14, 7]": {
            "[:then, 4, 11, 6, 11, 77]": 56,
            "[:else, 5, 13, 6, 13, 75]": 0
          }
        }
      },
      "/Users/omarelsamahy/Projects/rzrv/app/mailers/verification_mailer.rb": {
        "lines": [
          null,
          null,
          1,
          1,
          0,
          0,
          0,
          0,
          0,
          null,
          null,
          1,
          0,
          0,
          0,
          0,
          0,
          null,
          null
        ],
        "branches": {
          "[:if, 0, 8, 4, 8, 39]": {
            "[:then, 1, 8, 4, 8, 24]": 0,
            "[:else, 2, 8, 4, 8, 39]": 0
          },
          "[:if, 3, 16, 4, 16, 39]": {
            "[:then, 4, 16, 4, 16, 24]": 0,
            "[:else, 5, 16, 4, 16, 39]": 0
          }
        }
      },
      "/Users/omarelsamahy/Projects/rzrv/app/mailers/application_mailer.rb": {
        "lines": [
          1,
          1,
          1,
          null
        ],
        "branches": {
        }
      },
      "/Users/omarelsamahy/Projects/rzrv/app/serializers/api/v1/user_serializer.rb": {
        "lines": [
          null,
          null,
          1,
          1,
          3,
          null,
          null,
          1,
          null,
          1,
          6,
          null,
          1,
          6,
          null
        ],
        "branches": {
          "[:\"&.\", 0, 14, 40, 14, 69]": {
            "[:then, 1, 14, 40, 14, 69]": 0,
            "[:else, 2, 14, 40, 14, 69]": 6
          }
        }
      },
      "/Users/omarelsamahy/Projects/rzrv/app/serializers/base_serializer.rb": {
        "lines": [
          null,
          null,
          1,
          1,
          null,
          1,
          6,
          null,
          null
        ],
        "branches": {
        }
      },
      "/Users/omarelsamahy/Projects/rzrv/app/serializers/api/v1/device_serializer.rb": {
        "lines": [
          null,
          null,
          1,
          1,
          null,
          null,
          null,
          null,
          null,
          null,
          null,
          null
        ],
        "branches": {
        }
      },
      "/Users/omarelsamahy/Projects/rzrv/lib/console_logger.rb": {
        "lines": [
          1,
          1,
          1,
          1,
          null,
          1,
          1,
          null,
          1,
          null,
          null,
          null,
          null,
          null,
          null,
          null,
          1,
          null,
          1,
          1,
          1,
          1,
          1,
          1,
          null,
          null,
          1,
          1,
          null,
          1,
          null,
          0,
          null,
          0,
          null,
          0,
          null,
          0,
          null,
          null,
          null,
          1,
          null,
          1,
          0,
          null,
          null,
          1,
          null,
          1,
          2,
          2,
          18,
          null,
          2,
          null,
          null
        ],
        "branches": {
          "[:case, 0, 28, 4, 39, 7]": {
            "[:when, 1, 30, 6, 30, 35]": 1,
            "[:when, 2, 32, 6, 32, 34]": 0,
            "[:when, 3, 34, 6, 34, 34]": 0,
            "[:when, 4, 36, 6, 36, 35]": 0,
            "[:when, 5, 38, 6, 38, 35]": 0,
            "[:else, 6, 28, 4, 39, 7]": 0
          }
        }
      },
      "/Users/omarelsamahy/Projects/rzrv/app/helpers/api/v1/auth/authenticate_user.rb": {
        "lines": [
          null,
          null,
          1,
          1,
          2,
          2,
          2,
          2,
          2,
          null,
          null,
          1,
          null,
          0,
          null,
          null,
          null,
          1,
          2,
          2,
          1,
          1,
          1,
          null,
          null,
          1,
          null,
          1,
          2,
          1,
          null,
          null,
          1,
          2,
          1,
          null,
          null,
          1,
          null,
          1,
          null
        ],
        "branches": {
          "[:if, 0, 20, 4, 20, 112]": {
            "[:then, 1, 20, 4, 20, 75]": 1,
            "[:else, 2, 20, 4, 20, 112]": 1
          },
          "[:unless, 3, 21, 4, 21, 104]": {
            "[:else, 4, 21, 4, 21, 104]": 1,
            "[:then, 5, 21, 4, 21, 79]": 0
          },
          "[:unless, 6, 22, 4, 22, 120]": {
            "[:else, 7, 22, 4, 22, 120]": 1,
            "[:then, 8, 22, 4, 22, 81]": 0
          },
          "[:unless, 9, 29, 4, 29, 28]": {
            "[:else, 10, 29, 4, 29, 28]": 1,
            "[:then, 11, 29, 4, 29, 14]": 1
          },
          "[:unless, 12, 34, 4, 34, 52]": {
            "[:else, 13, 34, 4, 34, 52]": 1,
            "[:then, 14, 34, 4, 34, 14]": 1
          }
        }
      },
      "/Users/omarelsamahy/Projects/rzrv/app/helpers/api/v1/auth/authorize_api_request.rb": {
        "lines": [
          null,
          null,
          1,
          1,
          3,
          null,
          null,
          1,
          null,
          3,
          null,
          null,
          null,
          null,
          1,
          null,
          1,
          null,
          1,
          3,
          2,
          2,
          2,
          2,
          null,
          null,
          1,
          2,
          2,
          2,
          2,
          null,
          null,
          1,
          7,
          null,
          null,
          1,
          3,
          0,
          null,
          null
        ],
        "branches": {
          "[:\"&.\", 0, 21, 17, 21, 62]": {
            "[:then, 1, 21, 17, 21, 62]": 2,
            "[:else, 2, 21, 17, 21, 62]": 0
          },
          "[:\"&.\", 3, 21, 17, 21, 80]": {
            "[:then, 4, 21, 17, 21, 80]": 2,
            "[:else, 5, 21, 17, 21, 80]": 0
          },
          "[:if, 6, 22, 4, 22, 87]": {
            "[:then, 7, 22, 4, 22, 70]": 2,
            "[:else, 8, 22, 4, 22, 87]": 0
          },
          "[:unless, 9, 23, 4, 23, 81]": {
            "[:else, 10, 23, 4, 23, 81]": 2,
            "[:then, 11, 23, 4, 23, 68]": 0
          },
          "[:if, 12, 28, 4, 28, 83]": {
            "[:then, 13, 28, 4, 28, 61]": 2,
            "[:else, 14, 28, 4, 28, 83]": 0
          },
          "[:unless, 15, 29, 4, 29, 83]": {
            "[:else, 16, 29, 4, 29, 83]": 2,
            "[:then, 17, 29, 4, 29, 68]": 0
          },
          "[:if, 18, 30, 4, 30, 89]": {
            "[:then, 19, 30, 4, 30, 67]": 0,
            "[:else, 20, 30, 4, 30, 89]": 2
          },
          "[:if, 21, 39, 4, 39, 88]": {
            "[:then, 22, 39, 4, 39, 51]": 3,
            "[:else, 23, 39, 4, 39, 88]": 0
          }
        }
      },
      "/Users/omarelsamahy/Projects/rzrv/app/models/ability.rb": {
        "lines": [
          null,
          null,
          1,
          1,
          null,
          1,
          1,
          1,
          1,
          1,
          1,
          1,
          1,
          1,
          1,
          1,
          null,
          null,
          1,
          null,
          null,
          null
        ],
        "branches": {
          "[:case, 0, 16, 4, 20, 7]": {
            "[:when, 1, 17, 4, 19, 23]": 0,
            "[:when, 2, 19, 6, 19, 23]": 1,
            "[:else, 3, 16, 4, 20, 7]": 0
          }
        }
      },
      "/Users/omarelsamahy/Projects/rzrv/app/controllers/api/v1/auth/verification_controller.rb": {
        "lines": [
          null,
          null,
          0,
          0,
          0,
          null,
          0,
          0,
          0,
          0,
          0,
          0,
          0,
          0,
          0,
          0,
          null,
          0,
          0,
          0,
          0,
          0,
          0,
          null,
          0,
          null,
          0,
          0,
          0,
          0,
          0
        ],
        "branches": {
        }
      },
      "/Users/omarelsamahy/Projects/rzrv/app/controllers/api/v1/users/profiles_controller.rb": {
        "lines": [
          null,
          null,
          0,
          0,
          0,
          null,
          0,
          null,
          0,
          0,
          0,
          0,
          0,
          0,
          0,
          0,
          0,
          0,
          0,
          0,
          0,
          0,
          0,
          0,
          0,
          0,
          0,
          0,
          0,
          0,
          null,
          0,
          0,
          0,
          0,
          null,
          0,
          0,
          0,
          0,
          0,
          0,
          0,
          0,
          null,
          0,
          0,
          0,
          0,
          0,
          0
        ],
        "branches": {
        }
      },
      "/Users/omarelsamahy/Projects/rzrv/app/jobs/application_job.rb": {
        "lines": [
          0,
          null,
          null,
          null,
          null,
          null,
          0
        ],
        "branches": {
        }
      },
      "/Users/omarelsamahy/Projects/rzrv/app/mailers/server_monitoring_mailer.rb": {
        "lines": [
          0,
          0,
          0,
          0,
          0,
          0,
          0,
          0
        ],
        "branches": {
        }
      },
      "/Users/omarelsamahy/Projects/rzrv/app/models/concerns/soft_deletion_helper.rb": {
        "lines": [
          0,
          0,
          null,
          0,
          0,
          0,
          0,
          0,
          0,
          null,
          0,
          0,
          0,
          0,
          0,
          0,
          null,
          0,
          0,
          0,
          null,
          0,
          0,
          0,
          null,
          0,
          0,
          0,
          0,
          0,
          0,
          null,
          0,
          0,
          0,
          null,
          0,
          0,
          0,
          null,
          0,
          0,
          0,
          null,
          0,
          0,
          0,
          0
        ],
        "branches": {
        }
      },
      "/Users/omarelsamahy/Projects/rzrv/app/models/concerns/system_cache_invalidation_helper.rb": {
        "lines": [
          null,
          null,
          0,
          0,
          null,
          0,
          0,
          0,
          0,
          null,
          0,
          null,
          0,
          0,
          0,
          0,
          0
        ],
        "branches": {
        }
      },
      "/Users/omarelsamahy/Projects/rzrv/app/models/system_configuration.rb": {
        "lines": [
          0,
          0,
          null,
          0,
          0,
          0,
          null,
          0,
          0,
          null,
          0,
          null,
          null,
          null,
          null,
          null,
          null,
          null,
          null,
          null,
          null,
          null,
          null,
          null,
          null,
          null,
          null,
          null,
          null,
          null,
          null,
          null
        ],
        "branches": {
        }
      },
      "/Users/omarelsamahy/Projects/rzrv/app/services/user/otp_service.rb": {
        "lines": [
          null,
          null,
          0,
          0,
          0,
          0,
          0,
          0,
          0,
          null,
          0,
          0,
          0,
          0,
          null,
          0,
          0,
          0,
          null,
          0,
          0,
          0,
          0,
          0,
          0,
          0,
          0,
          0,
          0,
          null,
          0,
          0,
          0,
          0,
          0,
          0,
          0,
          0,
          null,
          0,
          0,
          0,
          0,
          0,
          0,
          null,
          0,
          0,
          0,
          0,
          0,
          0,
          0
        ],
        "branches": {
        }
      },
      "/Users/omarelsamahy/Projects/rzrv/app/services/user/reset_password_service.rb": {
        "lines": [
          null,
          null,
          0,
          0,
          0,
          0,
          null,
          0,
          0,
          0,
          0,
          0,
          0,
          0,
          null,
          0,
          0,
          0,
          0,
          0,
          0,
          0,
          0,
          0,
          0,
          0,
          null,
          0,
          0,
          0,
          0,
          0,
          0,
          0
        ],
        "branches": {
        }
      },
      "/Users/omarelsamahy/Projects/rzrv/app/services/user/token_verification.rb": {
        "lines": [
          null,
          null,
          0,
          0,
          0,
          0,
          0,
          0,
          0,
          0,
          0,
          0,
          null,
          0,
          0,
          0,
          null,
          0,
          0,
          0,
          0,
          0,
          0,
          0,
          0,
          0,
          0,
          null,
          0,
          0,
          0,
          0,
          0,
          0
        ],
        "branches": {
        }
      },
      "/Users/omarelsamahy/Projects/rzrv/app/services/user/verification_service.rb": {
        "lines": [
          null,
          null,
          0,
          0,
          0,
          0,
          0,
          0,
          null,
          0,
          0,
          0,
          0,
          0,
          0,
          0,
          0,
          0,
          0,
          0,
          0,
          0,
          0,
          0,
          null,
          0,
          0,
          0,
          0,
          0,
          0,
          0,
          0,
          0,
          0,
          0,
          0,
          0,
          null,
          0,
          0,
          0,
          0,
          0,
          0,
          0,
          0,
          0,
          0,
          0,
          0,
          0,
          null,
          0,
          0,
          0,
          0,
          0,
          0,
          0,
          0,
          0,
          0,
          0,
          0
        ],
        "branches": {
        }
      },
      "/Users/omarelsamahy/Projects/rzrv/lib/generators/v1_serializer_generator.rb": {
        "lines": [
          0,
          0,
          null,
          0,
          0,
          0,
          0
        ],
        "branches": {
        }
      }
    },
    "timestamp": 1711331085
  }
}
