{
  "RSpec": {
    "coverage": {
      "/Users/omarelsamahy/Projects/rzrv/app/middlewares/request_logger.rb": {
        "lines": [
          1,
          1,
          1,
          1,
          null,
          null,
          1,
          0,
          0,
          0,
          0,
          0,
          0,
          null,
          0,
          0,
          0,
          null,
          0,
          null,
          0,
          null,
          0,
          null,
          0,
          null,
          null
        ],
        "branches": {
        }
      },
      "/Users/omarelsamahy/Projects/rzrv/app/middlewares/set_language.rb": {
        "lines": [
          1,
          1,
          1,
          null,
          null,
          1,
          0,
          0,
          0,
          0,
          null,
          null,
          0,
          null,
          null,
          1,
          null,
          1,
          0,
          0,
          null,
          null,
          1,
          0,
          null,
          null
        ],
        "branches": {
          "[:\"&.\", 0, 19, 13, 19, 37]": {
            "[:then, 1, 19, 13, 19, 37]": 0,
            "[:else, 2, 19, 13, 19, 37]": 0
          },
          "[:\"&.\", 3, 19, 13, 19, 44]": {
            "[:then, 4, 19, 13, 19, 44]": 0,
            "[:else, 5, 19, 13, 19, 44]": 0
          },
          "[:if, 6, 20, 4, 20, 56]": {
            "[:then, 7, 20, 28, 20, 34]": 0,
            "[:else, 8, 20, 37, 20, 56]": 0
          }
        }
      },
      "/Users/omarelsamahy/Projects/rzrv/app/models/user.rb": {
        "lines": [
          null,
          null,
          1,
          1,
          1,
          1,
          1,
          1,
          1,
          null,
          1,
          null,
          1,
          null,
          1,
          null,
          1,
          null,
          1,
          14,
          null,
          1,
          null,
          null,
          null,
          15,
          1,
          14,
          0,
          null,
          1,
          14,
          14,
          14,
          null,
          15,
          3,
          5,
          1,
          4,
          null,
          null,
          null,
          null,
          null,
          null,
          null,
          null,
          null,
          null,
          null,
          null,
          null,
          null,
          null,
          null,
          null,
          null,
          null,
          null,
          null,
          null,
          null,
          null,
          null,
          null,
          null,
          null,
          null,
          null,
          null,
          null,
          null,
          null,
          null,
          null,
          null,
          null,
          null,
          null,
          null,
          null,
          null
        ],
        "branches": {
        }
      },
      "/Users/omarelsamahy/Projects/rzrv/app/models/application_record.rb": {
        "lines": [
          1,
          1,
          null,
          1,
          null,
          1,
          0,
          0,
          null,
          0,
          0,
          null,
          0,
          null,
          null,
          1,
          1,
          null,
          1,
          0,
          0,
          null,
          null,
          null,
          null
        ],
        "branches": {
          "[:if, 0, 10, 20, 10, 73]": {
            "[:then, 1, 10, 59, 10, 66]": 0,
            "[:else, 2, 10, 69, 10, 73]": 0
          },
          "[:\"&.\", 3, 11, 40, 11, 55]": {
            "[:then, 4, 11, 40, 11, 55]": 0,
            "[:else, 5, 11, 40, 11, 55]": 0
          },
          "[:if, 6, 11, 18, 11, 82]": {
            "[:then, 7, 11, 59, 11, 73]": 0,
            "[:else, 8, 11, 76, 11, 82]": 0
          },
          "[:unless, 9, 21, 8, 21, 119]": {
            "[:else, 10, 21, 8, 21, 119]": 0,
            "[:then, 11, 21, 8, 21, 88]": 0
          },
          "[:unless, 12, 21, 47, 21, 85]": {
            "[:else, 13, 21, 47, 21, 85]": 0,
            "[:then, 14, 21, 47, 21, 67]": 0
          }
        }
      },
      "/Users/omarelsamahy/Projects/rzrv/app/helpers/general_helper.rb": {
        "lines": [
          null,
          null,
          1,
          1,
          1,
          2,
          2,
          null,
          null,
          1,
          2,
          null,
          null,
          1,
          null,
          0,
          null,
          0,
          null,
          0,
          null,
          null
        ],
        "branches": {
        }
      },
      "/Users/omarelsamahy/Projects/rzrv/app/models/concerns/user/user_helpers.rb": {
        "lines": [
          null,
          null,
          1,
          1,
          null,
          1,
          2,
          14,
          2,
          null,
          null,
          1,
          11,
          9,
          9,
          null,
          11,
          0,
          null,
          null,
          null,
          null,
          null,
          1,
          11,
          11,
          11,
          11,
          11,
          null,
          null,
          null,
          11,
          0,
          0,
          0,
          0,
          null,
          null,
          null,
          11,
          null,
          null,
          1,
          14,
          null,
          null
        ],
        "branches": {
          "[:while, 0, 8, 4, 8, 172]": {
            "[:body, 1, 8, 4, 8, 53]": 2
          },
          "[:if, 2, 13, 4, 16, 7]": {
            "[:then, 3, 14, 6, 15, 115]": 9,
            "[:else, 4, 13, 4, 16, 7]": 2
          },
          "[:if, 5, 17, 4, 21, 7]": {
            "[:then, 6, 18, 6, 20, 81]": 0,
            "[:else, 7, 17, 4, 21, 7]": 11
          },
          "[:if, 8, 25, 4, 31, 7]": {
            "[:then, 9, 26, 6, 30, 9]": 11,
            "[:else, 10, 25, 4, 31, 7]": 0
          },
          "[:unless, 11, 27, 6, 30, 9]": {
            "[:else, 12, 27, 6, 30, 9]": 0,
            "[:then, 13, 28, 8, 29, 45]": 11
          },
          "[:if, 14, 33, 4, 39, 7]": {
            "[:then, 15, 34, 6, 38, 9]": 0,
            "[:else, 16, 33, 4, 39, 7]": 11
          },
          "[:unless, 17, 35, 6, 38, 9]": {
            "[:else, 18, 35, 6, 38, 9]": 0,
            "[:then, 19, 36, 8, 37, 57]": 0
          }
        }
      },
      "/Users/omarelsamahy/Projects/rzrv/app/models/concerns/user/user_scopes.rb": {
        "lines": [
          null,
          null,
          1,
          1,
          null,
          1,
          10,
          1,
          19,
          10,
          1,
          1,
          10,
          1,
          1,
          1,
          0,
          null,
          null,
          null
        ],
        "branches": {
          "[:if, 0, 14, 41, 14, 121]": {
            "[:then, 1, 14, 41, 14, 101]": 0,
            "[:else, 2, 14, 41, 14, 121]": 0
          },
          "[:if, 3, 15, 42, 15, 82]": {
            "[:then, 4, 15, 42, 15, 63]": 0,
            "[:else, 5, 15, 42, 15, 82]": 0
          },
          "[:if, 6, 17, 6, 17, 51]": {
            "[:then, 7, 17, 39, 17, 42]": 0,
            "[:else, 8, 17, 45, 17, 51]": 0
          }
        }
      },
      "/Users/omarelsamahy/Projects/rzrv/app/models/concerns/user/reset_password_helper.rb": {
        "lines": [
          null,
          null,
          1,
          1,
          null,
          1,
          0,
          0,
          0,
          null,
          null,
          1,
          0,
          0,
          0,
          null,
          null
        ],
        "branches": {
        }
      },
      "/Users/omarelsamahy/Projects/rzrv/app/models/concerns/user/authentication_helper.rb": {
        "lines": [
          null,
          null,
          1,
          1,
          null,
          1,
          50,
          null,
          5,
          null,
          null,
          1,
          0,
          0,
          0,
          0,
          0,
          0,
          null,
          null,
          1,
          null,
          1,
          0,
          null,
          null
        ],
        "branches": {
        }
      },
      "/Users/omarelsamahy/Projects/rzrv/app/models/concerns/user/user_verification_helper.rb": {
        "lines": [
          null,
          null,
          1,
          1,
          null,
          1,
          2,
          2,
          2,
          null,
          null,
          1,
          2,
          2,
          null,
          null,
          1,
          0,
          0,
          null,
          null,
          1,
          2,
          2,
          2,
          null,
          null,
          1,
          0,
          0,
          null,
          0,
          null,
          null,
          1,
          11,
          0,
          0,
          null,
          null,
          null,
          1,
          0,
          null,
          null,
          1,
          0,
          null,
          null,
          1,
          0,
          null,
          null,
          1,
          2,
          null,
          null,
          1,
          0,
          null,
          null,
          1,
          0,
          null,
          null,
          1,
          null,
          0,
          null,
          null,
          null,
          null,
          null
        ],
        "branches": {
          "[:if, 0, 13, 4, 13, 58]": {
            "[:then, 1, 13, 4, 13, 28]": 0,
            "[:else, 2, 13, 4, 13, 58]": 2
          },
          "[:if, 3, 18, 4, 18, 135]": {
            "[:then, 4, 18, 4, 18, 61]": 0,
            "[:else, 5, 18, 4, 18, 135]": 0
          },
          "[:if, 6, 29, 4, 29, 65]": {
            "[:then, 7, 29, 4, 29, 56]": 0,
            "[:else, 8, 29, 4, 29, 65]": 0
          },
          "[:if, 9, 36, 4, 39, 7]": {
            "[:then, 10, 37, 6, 38, 41]": 0,
            "[:else, 11, 36, 4, 39, 7]": 11
          },
          "[:if, 12, 43, 4, 43, 167]": {
            "[:then, 13, 43, 4, 43, 37]": 0,
            "[:else, 14, 43, 4, 43, 167]": 0
          },
          "[:if, 15, 47, 4, 47, 77]": {
            "[:then, 16, 47, 4, 47, 51]": 0,
            "[:else, 17, 47, 4, 47, 77]": 0
          },
          "[:if, 18, 51, 4, 51, 91]": {
            "[:then, 19, 51, 4, 51, 58]": 0,
            "[:else, 20, 51, 4, 51, 91]": 0
          },
          "[:\"&.\", 21, 70, 55, 70, 88]": {
            "[:then, 22, 70, 55, 70, 88]": 0,
            "[:else, 23, 70, 55, 70, 88]": 0
          }
        }
      },
      "/Users/omarelsamahy/Projects/rzrv/app/models/concerns/user/user_type_helper.rb": {
        "lines": [
          null,
          null,
          1,
          1,
          0,
          null,
          null,
          1,
          0,
          null,
          null
        ],
        "branches": {
        }
      },
      "/Users/omarelsamahy/Projects/rzrv/app/helpers/api/v1/auth/password_helper.rb": {
        "lines": [
          null,
          null,
          1,
          1,
          0,
          0,
          0,
          null,
          null,
          1,
          null,
          1,
          0,
          null,
          null,
          1,
          0,
          null,
          null,
          1,
          0,
          null,
          null,
          1,
          0,
          null,
          null,
          1,
          0,
          null,
          null
        ],
        "branches": {
          "[:if, 0, 13, 4, 13, 79]": {
            "[:then, 1, 13, 4, 13, 39]": 0,
            "[:else, 2, 13, 4, 13, 79]": 0
          },
          "[:\"&.\", 3, 17, 52, 17, 125]": {
            "[:then, 4, 17, 52, 17, 125]": 0,
            "[:else, 5, 17, 52, 17, 125]": 0
          },
          "[:unless, 6, 17, 4, 17, 125]": {
            "[:else, 7, 17, 4, 17, 125]": 0,
            "[:then, 8, 17, 4, 17, 44]": 0
          },
          "[:unless, 9, 21, 4, 21, 80]": {
            "[:else, 10, 21, 4, 21, 80]": 0,
            "[:then, 11, 21, 4, 21, 44]": 0
          }
        }
      },
      "/Users/omarelsamahy/Projects/rzrv/app/helpers/application_helper.rb": {
        "lines": [
          1,
          null
        ],
        "branches": {
        }
      },
      "/Users/omarelsamahy/Projects/rzrv/app/helpers/date_helper.rb": {
        "lines": [
          1,
          1,
          null,
          1,
          0,
          null,
          null,
          1,
          0,
          0,
          0,
          0,
          0,
          null,
          null,
          1,
          0,
          null,
          null,
          1,
          0,
          0,
          null,
          null,
          1,
          0,
          0,
          null,
          null,
          1,
          0,
          null,
          null,
          1,
          0,
          0,
          0,
          0,
          null,
          0,
          0,
          0,
          null,
          0,
          null,
          null,
          0,
          null,
          null,
          1,
          0,
          0,
          0,
          0,
          0,
          null,
          0,
          null,
          null,
          1,
          0,
          0,
          null,
          null,
          1,
          0,
          0,
          0,
          0,
          null,
          null,
          1,
          0,
          0,
          null,
          null,
          1,
          0,
          0,
          null,
          null,
          1,
          0,
          0,
          null,
          null,
          1,
          0,
          null,
          null,
          1,
          0,
          null,
          null,
          1,
          0,
          null,
          null,
          null,
          1,
          0,
          null,
          null,
          1,
          0,
          null,
          null,
          1,
          0,
          0,
          0,
          null,
          null,
          null,
          1,
          0,
          null,
          null,
          1,
          0,
          null,
          null,
          1,
          0,
          0,
          0,
          null,
          0,
          0,
          0,
          0,
          null,
          0,
          0,
          0,
          0,
          0,
          0,
          0,
          null,
          null,
          0,
          null,
          null,
          1,
          0,
          0,
          0,
          0,
          0,
          0,
          0,
          null,
          null,
          null
        ],
        "branches": {
          "[:if, 0, 5, 4, 5, 103]": {
            "[:then, 1, 5, 4, 5, 59]": 0,
            "[:else, 2, 5, 4, 5, 103]": 0
          },
          "[:if, 3, 12, 4, 12, 66]": {
            "[:then, 4, 12, 4, 12, 46]": 0,
            "[:else, 5, 12, 4, 12, 66]": 0
          },
          "[:if, 6, 13, 4, 13, 69]": {
            "[:then, 7, 13, 4, 13, 51]": 0,
            "[:else, 8, 13, 4, 13, 69]": 0
          },
          "[:if, 9, 41, 17, 45, 7]": {
            "[:then, 10, 42, 6, 42, 26]": 0,
            "[:else, 11, 44, 6, 44, 22]": 0
          },
          "[:unless, 12, 124, 4, 124, 84]": {
            "[:else, 13, 124, 4, 124, 84]": 0,
            "[:then, 14, 124, 4, 124, 53]": 0
          },
          "[:unless, 15, 125, 4, 125, 125]": {
            "[:else, 16, 125, 4, 125, 125]": 0,
            "[:then, 17, 125, 4, 125, 58]": 0
          },
          "[:unless, 18, 126, 4, 126, 104]": {
            "[:else, 19, 126, 4, 126, 104]": 0,
            "[:then, 20, 126, 4, 126, 43]": 0
          },
          "[:case, 21, 128, 19, 132, 7]": {
            "[:when, 22, 129, 21, 129, 55]": 0,
            "[:when, 23, 130, 22, 130, 57]": 0,
            "[:when, 24, 131, 21, 131, 55]": 0,
            "[:else, 25, 128, 19, 132, 7]": 0
          },
          "[:while, 26, 134, 4, 141, 7]": {
            "[:body, 27, 135, 6, 140, 9]": 0
          },
          "[:case, 28, 136, 21, 140, 9]": {
            "[:when, 29, 137, 23, 137, 44]": 0,
            "[:when, 30, 138, 24, 138, 66]": 0,
            "[:when, 31, 139, 23, 139, 63]": 0,
            "[:else, 32, 136, 21, 140, 9]": 0
          },
          "[:unless, 33, 146, 4, 146, 67]": {
            "[:else, 34, 146, 4, 146, 67]": 0,
            "[:then, 35, 146, 4, 146, 43]": 0
          },
          "[:unless, 36, 147, 4, 147, 104]": {
            "[:else, 37, 147, 4, 147, 104]": 0,
            "[:then, 38, 147, 4, 147, 43]": 0
          },
          "[:case, 39, 148, 4, 153, 7]": {
            "[:when, 40, 149, 20, 149, 29]": 0,
            "[:when, 41, 150, 21, 150, 36]": 0,
            "[:when, 42, 151, 22, 151, 73]": 0,
            "[:when, 43, 152, 21, 152, 35]": 0,
            "[:else, 44, 148, 4, 153, 7]": 0
          }
        }
      },
      "/Users/omarelsamahy/Projects/rzrv/app/helpers/params_helper.rb": {
        "lines": [
          null,
          null,
          1,
          1,
          0,
          0,
          0,
          null,
          0,
          0,
          0,
          0,
          null,
          null,
          null,
          0,
          null,
          null,
          1,
          0,
          null,
          null,
          1,
          0,
          null,
          null,
          1,
          0,
          null,
          null
        ],
        "branches": {
          "[:unless, 0, 5, 4, 5, 90]": {
            "[:else, 1, 5, 4, 5, 90]": 0,
            "[:then, 2, 5, 4, 5, 49]": 0
          },
          "[:if, 3, 7, 4, 7, 70]": {
            "[:then, 4, 7, 4, 7, 17]": 0,
            "[:else, 5, 7, 4, 7, 70]": 0
          },
          "[:if, 6, 10, 6, 10, 40]": {
            "[:then, 7, 10, 6, 10, 10]": 0,
            "[:else, 8, 10, 6, 10, 40]": 0
          },
          "[:if, 9, 12, 8, 12, 90]": {
            "[:then, 10, 12, 8, 12, 44]": 0,
            "[:else, 11, 12, 8, 12, 90]": 0
          }
        }
      },
      "/Users/omarelsamahy/Projects/rzrv/app/helpers/response_helper.rb": {
        "lines": [
          null,
          null,
          1,
          1,
          0,
          0,
          0,
          0,
          0,
          0,
          null,
          null,
          null,
          1,
          0,
          0,
          0,
          0,
          0,
          0,
          0,
          0,
          null,
          null,
          null,
          1,
          0,
          0,
          0,
          0,
          0,
          0,
          null,
          null,
          null,
          1,
          0,
          null,
          null
        ],
        "branches": {
          "[:if, 0, 6, 4, 6, 70]": {
            "[:then, 1, 6, 4, 6, 41]": 0,
            "[:else, 2, 6, 4, 6, 70]": 0
          },
          "[:if, 3, 7, 4, 7, 71]": {
            "[:then, 4, 7, 4, 7, 53]": 0,
            "[:else, 5, 7, 4, 7, 71]": 0
          },
          "[:if, 6, 16, 4, 16, 43]": {
            "[:then, 7, 16, 4, 16, 26]": 0,
            "[:else, 8, 16, 4, 16, 43]": 0
          },
          "[:if, 9, 17, 4, 17, 65]": {
            "[:then, 10, 17, 4, 17, 42]": 0,
            "[:else, 11, 17, 4, 17, 65]": 0
          },
          "[:if, 12, 18, 4, 18, 54]": {
            "[:then, 13, 18, 4, 18, 41]": 0,
            "[:else, 14, 18, 4, 18, 54]": 0
          },
          "[:if, 15, 19, 4, 19, 58]": {
            "[:then, 16, 19, 4, 19, 36]": 0,
            "[:else, 17, 19, 4, 19, 58]": 0
          },
          "[:if, 18, 28, 4, 28, 82]": {
            "[:then, 19, 28, 4, 28, 52]": 0,
            "[:else, 20, 28, 4, 28, 82]": 0
          },
          "[:if, 21, 29, 4, 29, 122]": {
            "[:then, 22, 29, 4, 29, 95]": 0,
            "[:else, 23, 29, 4, 29, 122]": 0
          },
          "[:if, 24, 29, 32, 29, 95]": {
            "[:then, 25, 29, 62, 29, 76]": 0,
            "[:else, 26, 29, 79, 29, 95]": 0
          }
        }
      },
      "/Users/omarelsamahy/Projects/rzrv/app/helpers/api/v1/auth/device_manager.rb": {
        "lines": [
          null,
          null,
          1,
          1,
          0,
          0,
          0,
          0,
          0,
          0,
          null,
          null
        ],
        "branches": {
          "[:unless, 0, 5, 4, 5, 97]": {
            "[:else, 1, 5, 4, 5, 97]": 0,
            "[:then, 2, 5, 4, 5, 67]": 0
          }
        }
      },
      "/Users/omarelsamahy/Projects/rzrv/app/helpers/phone_formatter.rb": {
        "lines": [
          null,
          null,
          1,
          1,
          11,
          11,
          11,
          11,
          11,
          11,
          11,
          null,
          0,
          null,
          null,
          0,
          null,
          null
        ],
        "branches": {
          "[:unless, 0, 7, 4, 7, 98]": {
            "[:else, 1, 7, 4, 7, 98]": 11,
            "[:then, 2, 7, 4, 7, 73]": 0
          },
          "[:if, 3, 10, 4, 14, 7]": {
            "[:then, 4, 11, 6, 11, 77]": 11,
            "[:else, 5, 13, 6, 13, 75]": 0
          }
        }
      },
      "/Users/omarelsamahy/Projects/rzrv/app/mailers/verification_mailer.rb": {
        "lines": [
          null,
          null,
          1,
          1,
          0,
          0,
          0,
          0,
          0,
          null,
          null,
          1,
          0,
          0,
          0,
          0,
          0,
          null,
          null
        ],
        "branches": {
          "[:if, 0, 8, 4, 8, 39]": {
            "[:then, 1, 8, 4, 8, 24]": 0,
            "[:else, 2, 8, 4, 8, 39]": 0
          },
          "[:if, 3, 16, 4, 16, 39]": {
            "[:then, 4, 16, 4, 16, 24]": 0,
            "[:else, 5, 16, 4, 16, 39]": 0
          }
        }
      },
      "/Users/omarelsamahy/Projects/rzrv/app/mailers/application_mailer.rb": {
        "lines": [
          1,
          1,
          1,
          null
        ],
        "branches": {
        }
      },
      "/Users/omarelsamahy/Projects/rzrv/app/serializers/api/v1/user_serializer.rb": {
        "lines": [
          null,
          null,
          1,
          1,
          2,
          null,
          null,
          1,
          null,
          1,
          4,
          null,
          1,
          4,
          null
        ],
        "branches": {
          "[:\"&.\", 0, 14, 40, 14, 69]": {
            "[:then, 1, 14, 40, 14, 69]": 0,
            "[:else, 2, 14, 40, 14, 69]": 4
          }
        }
      },
      "/Users/omarelsamahy/Projects/rzrv/app/serializers/base_serializer.rb": {
        "lines": [
          null,
          null,
          1,
          1,
          null,
          1,
          2,
          null,
          null
        ],
        "branches": {
        }
      },
      "/Users/omarelsamahy/Projects/rzrv/app/models/device.rb": {
        "lines": [
          null,
          null,
          1,
          1,
          1,
          1,
          1,
          null,
          1,
          0,
          null,
          null,
          null,
          null,
          null,
          null,
          null,
          null,
          null,
          null,
          null,
          null,
          null,
          null,
          null,
          null,
          null,
          null,
          null,
          null,
          null
        ],
        "branches": {
        }
      },
      "/Users/omarelsamahy/Projects/rzrv/app/controllers/api/v1/auth/passwords_controller.rb": {
        "lines": [
          null,
          null,
          0,
          0,
          0,
          0,
          null,
          0,
          0,
          0,
          0,
          null,
          0,
          0,
          0,
          null,
          0,
          0,
          0,
          0,
          null,
          0,
          0,
          0,
          0,
          0,
          null,
          0,
          0,
          0,
          0,
          0,
          null,
          0,
          0,
          0,
          0,
          0,
          0,
          0,
          0,
          0,
          0,
          0,
          0,
          0,
          0,
          0,
          0,
          0,
          0,
          0,
          null,
          0,
          0,
          0,
          0,
          0,
          0,
          0,
          0,
          0,
          0,
          null,
          0,
          null,
          0,
          0,
          0,
          0,
          0
        ],
        "branches": {
        }
      },
      "/Users/omarelsamahy/Projects/rzrv/app/controllers/api/v1/auth/registration_controller.rb": {
        "lines": [
          null,
          null,
          0,
          0,
          0,
          null,
          0,
          0,
          null,
          0,
          0,
          0,
          0,
          0,
          0,
          0,
          0,
          0,
          0,
          0,
          0,
          0,
          0,
          0,
          0,
          0,
          0
        ],
        "branches": {
        }
      },
      "/Users/omarelsamahy/Projects/rzrv/app/controllers/api/v1/auth/sessions_controller.rb": {
        "lines": [
          null,
          null,
          0,
          0,
          0,
          null,
          0,
          null,
          0,
          null,
          0,
          0,
          0,
          0,
          0,
          0,
          0,
          0,
          null,
          0,
          0,
          0,
          0,
          null,
          0,
          0,
          0,
          0,
          0,
          0,
          0,
          null,
          0,
          0,
          0,
          0,
          0
        ],
        "branches": {
        }
      },
      "/Users/omarelsamahy/Projects/rzrv/app/controllers/api/v1/users/profiles_controller.rb": {
        "lines": [
          null,
          null,
          0,
          0,
          0,
          null,
          0,
          null,
          0,
          0,
          0,
          0,
          0,
          0,
          0,
          0,
          0,
          0,
          0,
          0,
          0,
          0,
          0,
          0,
          0,
          0,
          0,
          0,
          0,
          0,
          null,
          0,
          0,
          0,
          0,
          null,
          0,
          0,
          0,
          0,
          0,
          0,
          0,
          0,
          null,
          0,
          0,
          0,
          0,
          0,
          0
        ],
        "branches": {
        }
      },
      "/Users/omarelsamahy/Projects/rzrv/app/controllers/application_controller.rb": {
        "lines": [
          0,
          0
        ],
        "branches": {
        }
      },
      "/Users/omarelsamahy/Projects/rzrv/app/controllers/base_api_controller.rb": {
        "lines": [
          null,
          null,
          0,
          0,
          0,
          0,
          0,
          0,
          0,
          null,
          0,
          0,
          0,
          0,
          0,
          0,
          0,
          0,
          null,
          0,
          null,
          0,
          0,
          0,
          0,
          null,
          0,
          0,
          0,
          0,
          null,
          0,
          0,
          0,
          0,
          0,
          0,
          0,
          0,
          0,
          null,
          0,
          0,
          0,
          0,
          0,
          0,
          0,
          null,
          0,
          0,
          0,
          null,
          0,
          null,
          0,
          0,
          0,
          0,
          0,
          0,
          null,
          0,
          0,
          0,
          0,
          0,
          null,
          0,
          0,
          0,
          0,
          null,
          0,
          0,
          0,
          0
        ],
        "branches": {
        }
      },
      "/Users/omarelsamahy/Projects/rzrv/app/controllers/concerns/api/v1/lookups/lookups_setters.rb": {
        "lines": [
          null,
          null,
          0,
          0,
          null,
          0
        ],
        "branches": {
        }
      },
      "/Users/omarelsamahy/Projects/rzrv/app/controllers/concerns/api/v1/phone_handler.rb": {
        "lines": [
          null,
          null,
          0,
          0,
          null,
          0,
          null,
          0,
          0,
          0,
          null,
          0,
          0,
          0,
          0,
          null,
          0,
          0,
          0,
          0,
          null,
          0,
          0,
          0,
          0,
          0,
          0,
          0,
          0
        ],
        "branches": {
        }
      },
      "/Users/omarelsamahy/Projects/rzrv/app/controllers/concerns/api/v1/users_handler.rb": {
        "lines": [
          null,
          null,
          0,
          0,
          null,
          0,
          null,
          0,
          0,
          0,
          0,
          null,
          0,
          0,
          0,
          0
        ],
        "branches": {
        }
      },
      "/Users/omarelsamahy/Projects/rzrv/app/controllers/concerns/authorization.rb": {
        "lines": [
          null,
          null,
          0,
          0,
          null,
          null,
          0,
          0,
          0,
          0,
          null,
          null,
          0,
          0,
          0,
          0,
          0,
          0,
          null,
          null,
          0,
          0,
          0,
          0,
          0,
          0,
          0,
          0,
          0,
          null,
          0,
          0,
          0,
          0,
          0,
          null,
          0,
          0,
          0,
          0,
          0
        ],
        "branches": {
        }
      },
      "/Users/omarelsamahy/Projects/rzrv/app/controllers/concerns/exception_handler/rescue_from.rb": {
        "lines": [
          null,
          null,
          0,
          0,
          0,
          null,
          0,
          0,
          0,
          0,
          0,
          0,
          0,
          0,
          0,
          0,
          0,
          0,
          0,
          0,
          0,
          0,
          0,
          0,
          0,
          0,
          0,
          0,
          0,
          0,
          0,
          0,
          0,
          0,
          0,
          0,
          0,
          0,
          0,
          0,
          0,
          0,
          0,
          0,
          0,
          0,
          0,
          0,
          0,
          null,
          0,
          null,
          0,
          0,
          0,
          0,
          0,
          0,
          0,
          null,
          0,
          0,
          0,
          0,
          null,
          0,
          0,
          0,
          0,
          null,
          0,
          0,
          0,
          0,
          0,
          0,
          0,
          null,
          0,
          0,
          0,
          0,
          0,
          null,
          0,
          0,
          0,
          0,
          0,
          null,
          0,
          0,
          0,
          0,
          null,
          0,
          0,
          0,
          0,
          null,
          0,
          0,
          0,
          0,
          0,
          null,
          0,
          0,
          0,
          0,
          null,
          0,
          0,
          0,
          0,
          0,
          null,
          0,
          0,
          0,
          0,
          0,
          null,
          0,
          0,
          0,
          0,
          0,
          null,
          0,
          0,
          0,
          0,
          null,
          0,
          0,
          0,
          0,
          0,
          0,
          0,
          0,
          0,
          0,
          0,
          0,
          0,
          0,
          null,
          0,
          0,
          0,
          0,
          0,
          null,
          0,
          0,
          0,
          0,
          0,
          null,
          0,
          0,
          0,
          0,
          0,
          0,
          null,
          0,
          0,
          0,
          0,
          0,
          0,
          0,
          0,
          0,
          0,
          null,
          0,
          0,
          0,
          0,
          0,
          0,
          0,
          0,
          0,
          0,
          null,
          0,
          0,
          0,
          0,
          0,
          0,
          null,
          0,
          0,
          0,
          0,
          0,
          0,
          0,
          0,
          null,
          0,
          0,
          0,
          0,
          0,
          0,
          0,
          0,
          0,
          0,
          null,
          0,
          0,
          0,
          0,
          0,
          0,
          0,
          0,
          0,
          0,
          0,
          0,
          null,
          0,
          0,
          0,
          0,
          0,
          0,
          0,
          0,
          0,
          0,
          0,
          0,
          null,
          0,
          0,
          0,
          0,
          0,
          0,
          0,
          0,
          0,
          0,
          null,
          0,
          0,
          0,
          0,
          0,
          0,
          0,
          0,
          0,
          0,
          null,
          0,
          0,
          0,
          0,
          0
        ],
        "branches": {
        }
      },
      "/Users/omarelsamahy/Projects/rzrv/app/helpers/api/v1/auth/authenticate_user.rb": {
        "lines": [
          null,
          null,
          0,
          0,
          0,
          0,
          0,
          0,
          null,
          0,
          0,
          0,
          0,
          0,
          null,
          0,
          0,
          0,
          0,
          0,
          0,
          null,
          0,
          null,
          0,
          0
        ],
        "branches": {
        }
      },
      "/Users/omarelsamahy/Projects/rzrv/app/helpers/api/v1/auth/authorize_api_request.rb": {
        "lines": [
          null,
          null,
          0,
          0,
          0,
          0,
          null,
          0,
          0,
          0,
          0,
          0,
          0,
          null,
          0,
          null,
          0,
          null,
          0,
          0,
          0,
          0,
          0,
          0,
          0,
          null,
          0,
          0,
          0,
          0,
          0,
          0,
          null,
          0,
          0,
          0,
          null,
          0,
          0,
          0,
          0,
          0
        ],
        "branches": {
        }
      },
      "/Users/omarelsamahy/Projects/rzrv/app/helpers/json_web_token.rb": {
        "lines": [
          null,
          null,
          0,
          0,
          null,
          0,
          0,
          0,
          0,
          0,
          null,
          0,
          0,
          0,
          0,
          0,
          0,
          0,
          0,
          0
        ],
        "branches": {
        }
      },
      "/Users/omarelsamahy/Projects/rzrv/app/jobs/application_job.rb": {
        "lines": [
          0,
          null,
          null,
          null,
          null,
          null,
          0
        ],
        "branches": {
        }
      },
      "/Users/omarelsamahy/Projects/rzrv/app/mailers/server_monitoring_mailer.rb": {
        "lines": [
          0,
          0,
          0,
          0,
          0,
          0,
          0,
          0
        ],
        "branches": {
        }
      },
      "/Users/omarelsamahy/Projects/rzrv/app/models/ability.rb": {
        "lines": [
          null,
          null,
          0,
          0,
          null,
          0,
          0,
          0,
          0,
          0,
          0,
          0,
          0,
          0,
          0,
          0,
          0,
          0,
          0,
          0,
          0,
          0,
          0
        ],
        "branches": {
        }
      },
      "/Users/omarelsamahy/Projects/rzrv/app/models/concerns/soft_deletion_helper.rb": {
        "lines": [
          0,
          0,
          null,
          0,
          0,
          0,
          0,
          0,
          0,
          null,
          0,
          0,
          0,
          0,
          0,
          0,
          null,
          0,
          0,
          0,
          null,
          0,
          0,
          0,
          null,
          0,
          0,
          0,
          0,
          0,
          0,
          null,
          0,
          0,
          0,
          null,
          0,
          0,
          0,
          null,
          0,
          0,
          0,
          null,
          0,
          0,
          0,
          0
        ],
        "branches": {
        }
      },
      "/Users/omarelsamahy/Projects/rzrv/app/models/concerns/system_cache_invalidation_helper.rb": {
        "lines": [
          null,
          null,
          0,
          0,
          null,
          0,
          0,
          0,
          0,
          null,
          0,
          null,
          0,
          0,
          0,
          0,
          0
        ],
        "branches": {
        }
      },
      "/Users/omarelsamahy/Projects/rzrv/app/models/system_configuration.rb": {
        "lines": [
          0,
          0,
          null,
          0,
          0,
          0,
          null,
          0,
          0,
          null,
          0,
          null,
          null,
          null,
          null,
          null,
          null,
          null,
          null,
          null,
          null,
          null,
          null,
          null,
          null,
          null,
          null,
          null,
          null,
          null,
          null,
          null
        ],
        "branches": {
        }
      },
      "/Users/omarelsamahy/Projects/rzrv/app/serializers/api/v1/device_serializer.rb": {
        "lines": [
          null,
          null,
          0,
          0,
          0,
          0,
          0,
          0,
          0,
          0,
          0,
          0
        ],
        "branches": {
        }
      },
      "/Users/omarelsamahy/Projects/rzrv/app/services/user/otp_service.rb": {
        "lines": [
          null,
          null,
          0,
          0,
          0,
          0,
          0,
          0,
          0,
          null,
          0,
          0,
          0,
          0,
          null,
          0,
          0,
          0,
          null,
          0,
          0,
          0,
          0,
          0,
          0,
          0,
          0,
          0,
          0,
          null,
          0,
          0,
          0,
          0,
          0,
          0,
          0,
          0,
          null,
          0,
          0,
          0,
          0,
          0,
          0,
          null,
          0,
          0,
          0,
          0,
          0,
          0,
          0
        ],
        "branches": {
        }
      },
      "/Users/omarelsamahy/Projects/rzrv/app/services/user/reset_password_service.rb": {
        "lines": [
          null,
          null,
          0,
          0,
          0,
          0,
          null,
          0,
          0,
          0,
          0,
          0,
          0,
          0,
          null,
          0,
          0,
          0,
          0,
          0,
          0,
          0,
          0,
          0,
          0,
          null,
          0,
          0,
          0,
          0,
          0,
          0,
          0
        ],
        "branches": {
        }
      },
      "/Users/omarelsamahy/Projects/rzrv/app/services/user/token_verification.rb": {
        "lines": [
          null,
          null,
          0,
          0,
          0,
          0,
          0,
          0,
          0,
          0,
          0,
          0,
          null,
          0,
          0,
          0,
          null,
          0,
          0,
          0,
          0,
          0,
          0,
          0,
          0,
          0,
          0,
          null,
          0,
          0,
          0,
          0,
          0,
          0
        ],
        "branches": {
        }
      },
      "/Users/omarelsamahy/Projects/rzrv/lib/console_logger.rb": {
        "lines": [
          0,
          0,
          0,
          0,
          null,
          0,
          0,
          null,
          0,
          0,
          0,
          0,
          0,
          0,
          0,
          null,
          0,
          null,
          0,
          0,
          0,
          0,
          0,
          0,
          0,
          null,
          0,
          0,
          0,
          0,
          0,
          0,
          0,
          0,
          0,
          0,
          0,
          0,
          0,
          0,
          null,
          0,
          null,
          0,
          0,
          0,
          null,
          0,
          null,
          0,
          0,
          0,
          0,
          0,
          0,
          0,
          0
        ],
        "branches": {
        }
      },
      "/Users/omarelsamahy/Projects/rzrv/lib/exception_handler.rb": {
        "lines": [
          null,
          null,
          0,
          0,
          0,
          0,
          0,
          null,
          0,
          0,
          0,
          0,
          0,
          0,
          null,
          null,
          0,
          null,
          0,
          null,
          0,
          null,
          0,
          0,
          0,
          null,
          0,
          0,
          0,
          0,
          0,
          0,
          null,
          0,
          null,
          0,
          null,
          0,
          null,
          0,
          null,
          0,
          null,
          0,
          null,
          0,
          null,
          0,
          null,
          0,
          null,
          0,
          0
        ],
        "branches": {
        }
      },
      "/Users/omarelsamahy/Projects/rzrv/lib/generators/v1_serializer_generator.rb": {
        "lines": [
          0,
          0,
          null,
          0,
          0,
          0,
          0
        ],
        "branches": {
        }
      }
    },
    "timestamp": 1710600984
  }
}
